/*C2*/SET SCHEMA PUBLIC
INSERT INTO PAYPAL_TRANSACTION VALUES(365,'+971 00971505535881','USD','ayoubk@gmail.com','Mohammed','Khan','136.13','45S986861F9792901',0)
INSERT INTO ITEM VALUES(553,'FMDD25012013_CHILD','Child Ticket (6-13 years) 100 AED for Jan 25 2013','27.23','1',0,365)
INSERT INTO ITEM VALUES(554,'FMDD25012013_ADULT','Adult Ticket 200 AED for Jan 25 2013','108.90','2',0,365)
INSERT INTO TRANSACTION_LOG VALUES(431,'100','Payment Complete. USD 136.13','2013-01-24 17:01:36.000000',0,365)
COMMIT
INSERT INTO PAYPAL_TRANSACTION VALUES(366,'+971 00971552877025','USD','Violaineriquelme@yahoo.fr','Violaine','GARCIA RIQUELME','190.62','6WY65702UP6885049',0)
INSERT INTO ITEM VALUES(555,'FMDD25012013_ADULT','Adult Ticket 200 AED for Jan 25 2013','163.35','3',0,366)
INSERT INTO ITEM VALUES(556,'FMDD25012013_BABY','Child Ticket (under 6 years) Free for Jan 25 2013','0.04','4',0,366)
INSERT INTO ITEM VALUES(557,'FMDD25012013_CHILD','Child Ticket (6-13 years) 100 AED for Jan 25 2013','27.23','1',0,366)
INSERT INTO TRANSACTION_LOG VALUES(432,'100','Payment Complete. USD 190.62','2013-01-24 17:07:55.000000',0,366)
COMMIT
INSERT INTO PAYPAL_TRANSACTION VALUES(367,'+971 00971503604416','USD','Shariqharoon@hotmail.com','Shariq','Haroon','299.49','5S475403KY038901W',0)
INSERT INTO ITEM VALUES(558,'FMDD25012013_ADULT','Adult Ticket 200 AED for Jan 25 2013','217.80','4',0,367)
INSERT INTO ITEM VALUES(559,'FMDD25012013_CHILD','Child Ticket (6-13 years) 100 AED for Jan 25 2013','81.69','3',0,367)
INSERT INTO TRANSACTION_LOG VALUES(433,'100','Payment Complete. USD 299.49','2013-01-24 17:15:35.000000',0,367)
COMMIT
INSERT INTO PAYPAL_TRANSACTION VALUES(368,'+971 00971566813061','USD','julien.ruiz@hp.com','julien','ruiz','163.36','32J52820JK0160521',0)
INSERT INTO ITEM VALUES(560,'FMDD25012013_CHILD','Child Ticket (6-13 years) 100 AED for Jan 25 2013','54.46','2',0,368)
INSERT INTO ITEM VALUES(561,'FMDD25012013_ADULT','Adult Ticket 200 AED for Jan 25 2013','108.90','2',0,368)
INSERT INTO TRANSACTION_LOG VALUES(434,'100','Payment Complete. USD 163.36','2013-01-24 17:20:30.000000',0,368)
COMMIT
